<?xml version="1.0" encoding="UTF-8"?>
<!-- Generated by org.testng.reporters.JUnitReportReporter -->
<testsuite skipped="0" hostname="ip-172-31-92-120" name="restAPI.GetRequest" tests="1" failures="0" timestamp="2021-11-30T07:19:25 UTC" time="1.630" errors="0">
  <testcase name="GetCall" time="1.630" classname="restAPI.GetRequest"/>
  <system-out/>
</testsuite> <!-- restAPI.GetRequest -->
