<?xml version="1.0" encoding="UTF-8"?>
<!-- Generated by org.testng.reporters.JUnitReportReporter -->
<testsuite skipped="0" hostname="ip-172-31-92-120" name="restAPI.EndToEndTest" tests="1" failures="0" timestamp="2021-12-03T03:46:15 UTC" time="2.588" errors="0">
  <testcase name="test1" time="2.588" classname="restAPI.EndToEndTest"/>
  <system-out/>
</testsuite> <!-- restAPI.EndToEndTest -->
