<?xml version="1.0" encoding="UTF-8"?>
<!-- Generated by org.testng.reporters.JUnitReportReporter -->
<testsuite skipped="0" hostname="ip-172-31-92-120" name="restAPI.GetRequsetWithMap" tests="1" failures="0" timestamp="2021-12-02T04:27:17 UTC" time="1.434" errors="0">
  <testcase name="GetCall" time="1.434" classname="restAPI.GetRequsetWithMap"/>
  <system-out/>
</testsuite> <!-- restAPI.GetRequsetWithMap -->
