<?xml version="1.0" encoding="UTF-8"?>
<!-- Generated by org.testng.reporters.JUnitReportReporter -->
<testsuite skipped="0" hostname="ip-172-31-92-120" name="restAPI.DeleteRequest" tests="1" failures="0" timestamp="2021-12-02T05:37:23 UTC" time="1.149" errors="0">
  <testcase name="DeleteCall" time="1.149" classname="restAPI.DeleteRequest"/>
  <system-out/>
</testsuite> <!-- restAPI.DeleteRequest -->
