<?xml version="1.0" encoding="UTF-8"?>
<!-- Generated by org.testng.reporters.JUnitReportReporter -->
<testsuite skipped="0" hostname="ip-172-31-92-120" name="restAPI.GetRequestwithParam" tests="1" failures="0" timestamp="2021-11-30T07:09:58 UTC" time="1.828" errors="0">
  <testcase name="GetCall" time="1.828" classname="restAPI.GetRequestwithParam"/>
  <system-out/>
</testsuite> <!-- restAPI.GetRequestwithParam -->
