<?xml version="1.0" encoding="UTF-8"?>
<!-- Generated by org.testng.reporters.JUnitReportReporter -->
<testsuite skipped="0" hostname="ip-172-31-92-120" name="restAPI.PostRequest" tests="1" failures="0" timestamp="2021-12-02T04:11:27 UTC" time="1.225" errors="0">
  <testcase name="GetCall" time="1.225" classname="restAPI.PostRequest"/>
  <system-out/>
</testsuite> <!-- restAPI.PostRequest -->
