<?xml version="1.0" encoding="UTF-8"?>
<!-- Generated by org.testng.reporters.JUnitReportReporter -->
<testsuite skipped="0" hostname="ip-172-31-92-120" name="restAPI.EndToEndTest" tests="1" failures="0" timestamp="02 Dec 2021 07:07:38 GMT" time="1.713" errors="0">
  <testcase name="test1" time="1.713" classname="restAPI.EndToEndTest"/>
</testsuite> <!-- restAPI.EndToEndTest -->
